This is pdfTeX, Version 3.141592653-2.6-1.40.26 (TeX Live 2024/nixos.org) (preloaded format=pdflatex 1980.1.1)  10 SEP 2025 11:44
entering extended mode
 restricted \write18 enabled.
 %&-line parsing enabled.
**CHI_Cheat_Sheet.tex
(./CHI_Cheat_Sheet.tex
LaTeX2e <2024-11-01> patch level 2
L3 programming layer <2025-01-18>

(/nix/store/9l2vaiz8cxrz32yx27wirprhfihkbhj6-texlive-2024-env-texmfdist/tex/lat
ex/base/article.cls
Document Class: article 2024/06/29 v1.4n Standard LaTeX document class

(/nix/store/9l2vaiz8cxrz32yx27wirprhfihkbhj6-texlive-2024-env-texmfdist/tex/lat
ex/base/size10.clo
File: size10.clo 2024/06/29 v1.4n Standard LaTeX file (size option)
)
\c@part=\count196
\c@section=\count197
\c@subsection=\count198
\c@subsubsection=\count199
\c@paragraph=\count266
\c@subparagraph=\count267
\c@figure=\count268
\c@table=\count269
\abovecaptionskip=\skip49
\belowcaptionskip=\skip50
\bibindent=\dimen141
)
(/nix/store/9l2vaiz8cxrz32yx27wirprhfihkbhj6-texlive-2024-env-texmfdist/tex/lat
ex/gensymb/gensymb.sty
Package: gensymb 2022/10/17 v1.0.2 (KJH)
)
(/nix/store/9l2vaiz8cxrz32yx27wirprhfihkbhj6-texlive-2024-env-texmfdist/tex/lat
ex/mhchem/mhchem.sty
Package: mhchem 2024/01/29 v4.10 for typesetting chemical formulae

(/nix/store/9l2vaiz8cxrz32yx27wirprhfihkbhj6-texlive-2024-env-texmfdist/tex/lat
ex/l3kernel/expl3.sty
Package: expl3 2025-01-18 L3 programming layer (loader) 

(/nix/store/9l2vaiz8cxrz32yx27wirprhfihkbhj6-texlive-2024-env-texmfdist/tex/lat
ex/l3backend/l3backend-pdftex.def
File: l3backend-pdftex.def 2024-05-08 L3 backend support: PDF output (pdfTeX)
\l__color_backend_stack_int=\count270
\l__pdf_internal_box=\box52
))
(/nix/store/9l2vaiz8cxrz32yx27wirprhfihkbhj6-texlive-2024-env-texmfdist/tex/lat
ex/l3packages/l3keys2e/l3keys2e.sty
Package: l3keys2e 2024-08-16 LaTeX2e option processing using LaTeX3 keys
)
(/nix/store/9l2vaiz8cxrz32yx27wirprhfihkbhj6-texlive-2024-env-texmfdist/tex/lat
ex/tools/calc.sty
Package: calc 2023/07/08 v4.3 Infix arithmetic (KKT,FJ)
\calc@Acount=\count271
\calc@Bcount=\count272
\calc@Adimen=\dimen142
\calc@Bdimen=\dimen143
\calc@Askip=\skip51
\calc@Bskip=\skip52
LaTeX Info: Redefining \setlength on input line 80.
LaTeX Info: Redefining \addtolength on input line 81.
\calc@Ccount=\count273
\calc@Cskip=\skip53
)
(/nix/store/9l2vaiz8cxrz32yx27wirprhfihkbhj6-texlive-2024-env-texmfdist/tex/lat
ex/amsmath/amsmath.sty
Package: amsmath 2024/11/05 v2.17t AMS math features
\@mathmargin=\skip54

For additional information on amsmath, use the `?' option.

(/nix/store/9l2vaiz8cxrz32yx27wirprhfihkbhj6-texlive-2024-env-texmfdist/tex/lat
ex/amsmath/amstext.sty
Package: amstext 2021/08/26 v2.01 AMS text

(/nix/store/9l2vaiz8cxrz32yx27wirprhfihkbhj6-texlive-2024-env-texmfdist/tex/lat
ex/amsmath/amsgen.sty
File: amsgen.sty 1999/11/30 v2.0 generic functions
\@emptytoks=\toks17
\ex@=\dimen144
))
(/nix/store/9l2vaiz8cxrz32yx27wirprhfihkbhj6-texlive-2024-env-texmfdist/tex/lat
ex/amsmath/amsbsy.sty
Package: amsbsy 1999/11/29 v1.2d Bold Symbols
\pmbraise@=\dimen145
)
(/nix/store/9l2vaiz8cxrz32yx27wirprhfihkbhj6-texlive-2024-env-texmfdist/tex/lat
ex/amsmath/amsopn.sty
Package: amsopn 2022/04/08 v2.04 operator names
)
\inf@bad=\count274
LaTeX Info: Redefining \frac on input line 233.
\uproot@=\count275
\leftroot@=\count276
LaTeX Info: Redefining \overline on input line 398.
LaTeX Info: Redefining \colon on input line 409.
\classnum@=\count277
\DOTSCASE@=\count278
LaTeX Info: Redefining \ldots on input line 495.
LaTeX Info: Redefining \dots on input line 498.
LaTeX Info: Redefining \cdots on input line 619.
\Mathstrutbox@=\box53
\strutbox@=\box54
LaTeX Info: Redefining \big on input line 721.
LaTeX Info: Redefining \Big on input line 722.
LaTeX Info: Redefining \bigg on input line 723.
LaTeX Info: Redefining \Bigg on input line 724.
\big@size=\dimen146
LaTeX Font Info:    Redeclaring font encoding OML on input line 742.
LaTeX Font Info:    Redeclaring font encoding OMS on input line 743.
\macc@depth=\count279
LaTeX Info: Redefining \bmod on input line 904.
LaTeX Info: Redefining \pmod on input line 909.
LaTeX Info: Redefining \smash on input line 939.
LaTeX Info: Redefining \relbar on input line 969.
LaTeX Info: Redefining \Relbar on input line 970.
\c@MaxMatrixCols=\count280
\dotsspace@=\muskip17
\c@parentequation=\count281
\dspbrk@lvl=\count282
\tag@help=\toks18
\row@=\count283
\column@=\count284
\maxfields@=\count285
\andhelp@=\toks19
\eqnshift@=\dimen147
\alignsep@=\dimen148
\tagshift@=\dimen149
\tagwidth@=\dimen150
\totwidth@=\dimen151
\lineht@=\dimen152
\@envbody=\toks20
\multlinegap=\skip55
\multlinetaggap=\skip56
\mathdisplay@stack=\toks21
LaTeX Info: Redefining \[ on input line 2953.
LaTeX Info: Redefining \] on input line 2954.
)
(/nix/store/9l2vaiz8cxrz32yx27wirprhfihkbhj6-texlive-2024-env-texmfdist/tex/lat
ex/chemgreek/chemgreek.sty
(/nix/store/9l2vaiz8cxrz32yx27wirprhfihkbhj6-texlive-2024-env-texmfdist/tex/lat
ex/l3packages/xparse/xparse.sty
Package: xparse 2024-08-16 L3 Experimental document command parser
)
Package: chemgreek 2020/01/16 v1.1a interface for upright Greek letters for use
 in chemistry (CN)
\l__chemgreek_tmpa_int=\count286
\g__chemgreek_tmpa_int=\count287
)
(/nix/store/9l2vaiz8cxrz32yx27wirprhfihkbhj6-texlive-2024-env-texmfdist/tex/lat
ex/graphics/graphics.sty
Package: graphics 2024/08/06 v1.4g Standard LaTeX Graphics (DPC,SPQR)

(/nix/store/9l2vaiz8cxrz32yx27wirprhfihkbhj6-texlive-2024-env-texmfdist/tex/lat
ex/graphics/trig.sty
Package: trig 2023/12/02 v1.11 sin cos tan (DPC)
)
(/nix/store/9l2vaiz8cxrz32yx27wirprhfihkbhj6-texlive-2024-env-texmfdist/tex/lat
ex/graphics-cfg/graphics.cfg
File: graphics.cfg 2016/06/04 v1.11 sample graphics configuration
)
Package graphics Info: Driver file: pdftex.def on input line 106.

(/nix/store/9l2vaiz8cxrz32yx27wirprhfihkbhj6-texlive-2024-env-texmfdist/tex/lat
ex/graphics-def/pdftex.def
File: pdftex.def 2024/04/13 v1.2c Graphics/color driver for pdftex
))
\l__mhchem_ce_distanceFromLastComma_int=\count288
\__mhchem_arrow_extPgfLength_skip=\skip57
\mhchem@minispace@tmp=\skip58
\mhchem@minibackspace@tmp=\skip59
\mhchem@bondwidth=\skip60
\mhchem@bondheight=\skip61
\mhchem@smallbondwidth@tmpA=\skip62
\mhchem@smallbondwidth@tmpB=\skip63
\mhchem@smallbondwidth=\skip64
\mhchem@bondtmp@minussidebearingleft=\skip65
\mhchem@bondtmp@minussidebearingright=\skip66
\l__mhchem_option_version_int=\count289
\mhchem@option@minusmathsidebearingleft=\dimen153
\mhchem@option@minusmathsidebearingright=\dimen154
\mhchem@option@minustextsidebearingleft=\dimen155
\mhchem@option@minustextsidebearingright=\dimen156
) (./CHI_Cheat_Sheet.aux)
\openout1 = `CHI_Cheat_Sheet.aux'.

LaTeX Font Info:    Checking defaults for OML/cmm/m/it on input line 19.
LaTeX Font Info:    ... okay on input line 19.
LaTeX Font Info:    Checking defaults for OMS/cmsy/m/n on input line 19.
LaTeX Font Info:    ... okay on input line 19.
LaTeX Font Info:    Checking defaults for OT1/cmr/m/n on input line 19.
LaTeX Font Info:    ... okay on input line 19.
LaTeX Font Info:    Checking defaults for T1/cmr/m/n on input line 19.
LaTeX Font Info:    ... okay on input line 19.
LaTeX Font Info:    Checking defaults for TS1/cmr/m/n on input line 19.
LaTeX Font Info:    ... okay on input line 19.
LaTeX Font Info:    Checking defaults for OMX/cmex/m/n on input line 19.
LaTeX Font Info:    ... okay on input line 19.
LaTeX Font Info:    Checking defaults for U/cmr/m/n on input line 19.
LaTeX Font Info:    ... okay on input line 19.
LaTeX Info: Redefining \celsius on input line 19.
Package gensymb Info: Faking symbols for \degree and \celsius on input line 19.



Package gensymb Warning: Not defining \perthousand.

LaTeX Info: Redefining \ohm on input line 19.
Package gensymb Info: Using \Omega for \ohm on input line 19.

Package gensymb Warning: Not defining \micro.


Package chemgreek Info: Activating mapping `default' on line 19.


(/nix/store/9l2vaiz8cxrz32yx27wirprhfihkbhj6-texlive-2024-env-texmfdist/tex/con
text/base/mkii/supp-pdf.mkii
[Loading MPS to PDF converter (version 2006.09.02).]
\scratchcounter=\count290
\scratchdimen=\dimen157
\scratchbox=\box55
\nofMPsegments=\count291
\nofMParguments=\count292
\everyMPshowfont=\toks22
\MPscratchCnt=\count293
\MPscratchDim=\dimen158
\MPnumerator=\count294
\makeMPintoPDFobject=\count295
\everyMPtoPDFconversion=\toks23
)
(/nix/store/9l2vaiz8cxrz32yx27wirprhfihkbhj6-texlive-2024-env-texmfdist/tex/lat
ex/epstopdf-pkg/epstopdf-base.sty
Package: epstopdf-base 2020-01-24 v2.11 Base part for package epstopdf
Package epstopdf-base Info: Redefining graphics rule for `.eps' on input line 4
85.

(/nix/store/9l2vaiz8cxrz32yx27wirprhfihkbhj6-texlive-2024-env-texmfdist/tex/lat
ex/latexconfig/epstopdf-sys.cfg
File: epstopdf-sys.cfg 2010/07/13 v1.3 Configuration of (r)epstopdf for TeX Liv
e
))

LaTeX Warning: Command \' invalid in math mode on input line 25.

! Please use \mathaccent for accents in math mode.
\add@accent ... \let \ignorespaces \relax \accent 
                                                  #1 #2\egroup \ifmmode \els...
l.25   Mes capacité
                     en physique = \frac{Motivation \cdot Capacités  en  sc...
I'm changing \accent to \mathaccent here; wish me luck.
(Accents are not the same in formulas as they are in text.)


LaTeX Warning: Command \' invalid in math mode on input line 25.

! Please use \mathaccent for accents in math mode.
\add@accent ... \let \ignorespaces \relax \accent 
                                                  #1 #2\egroup \ifmmode \els...
l.25 ...e  depuis  le  dernier  cours  de  chimie}
                                                  
I'm changing \accent to \mathaccent here; wish me luck.
(Accents are not the same in formulas as they are in text.)


LaTeX Warning: Command \' invalid in math mode on input line 25.

! Please use \mathaccent for accents in math mode.
\add@accent ... \let \ignorespaces \relax \accent 
                                                  #1 #2\egroup \ifmmode \els...
l.25 ...e  depuis  le  dernier  cours  de  chimie}
                                                  
I'm changing \accent to \mathaccent here; wish me luck.
(Accents are not the same in formulas as they are in text.)



[1

{/nix/store/c25xb9r20b4xzg590xbaklafnilk8vsc-texlive-2024-env/share/texmf-var/f
onts/map/pdftex/updmap/pdftex.map}{/nix/store/9l2vaiz8cxrz32yx27wirprhfihkbhj6-
texlive-2024-env-texmfdist/fonts/enc/dvips/cm-super/cm-super-ts1.enc}]
Overfull \hbox (26.75458pt too wide) in paragraph at lines 31--31
[]\OT1/cmr/bx/n/14.4 Atomes, ^^Sel^^Sements chim-iques et tableau p^^Seriodique
 
 []


Overfull \hbox (28.05963pt too wide) in paragraph at lines 45--46
[]\OT1/cmr/m/n/10 Proton [$\OML/cmm/m/it/10 p[]$\OT1/cmr/m/n/10 ] $\OMS/cmsy/m/
n/10 !$ [] 
 []

! Missing $ inserted.
<inserted text> 
                $
l.46   \item Electron [$e^-$] \rightarrow
                                          \text{Une particule chargée néga...
I've inserted a begin-math/end-math symbol since I think
you left one out. Proceed, with fingers crossed.


! LaTeX Error: Command \item invalid in math mode.

See the LaTeX manual or LaTeX Companion for explanation.
Type  H <return>  for immediate help.
 ...                                              
                                                  
l.47   \item
             Neutron [$n$ | $n^0$] \rightarrow \text{Une particule sans char...

Try typing  <return>  to proceed.
If that doesn't work, type  X <return>  to quit.

! Missing $ inserted.
<inserted text> 
                $
l.47   \item N
              eutron [$n$ | $n^0$] \rightarrow \text{Une particule sans char...
I've inserted a begin-math/end-math symbol since I think
you left one out. Proceed, with fingers crossed.


Overfull \hbox (40.71242pt too wide) in paragraph at lines 46--47
[]\OT1/cmr/m/n/10 Electron [$\OML/cmm/m/it/10 e[]$\OT1/cmr/m/n/10 ] $\OMS/cmsy/
m/n/10 ! []
 []


Underfull \hbox (badness 10000) in paragraph at lines 46--47

 []

! Missing $ inserted.
<inserted text> 
                $
l.47   \item Neutron [$n$ | $n^0$] \rightarrow
                                               \text{Une particule sans char...
I've inserted a begin-math/end-math symbol since I think
you left one out. Proceed, with fingers crossed.


! LaTeX Error: Command \end{itemize} invalid in math mode.

See the LaTeX manual or LaTeX Companion for explanation.
Type  H <return>  for immediate help.
 ...                                              
                                                  
l.48 \end{itemize}
                  
Try typing  <return>  to proceed.
If that doesn't work, type  X <return>  to quit.

! Missing $ inserted.
<inserted text> 
                $
l.48 \end{itemize}
                  
I've inserted a begin-math/end-math symbol since I think
you left one out. Proceed, with fingers crossed.


Overfull \hbox (62.35587pt too wide) in paragraph at lines 47--48
[]\OT1/cmr/m/n/10 Neutron [$\OML/cmm/m/it/10 n$ \OT1/cmr/m/n/10 | $\OML/cmm/m/i
t/10 n[]$\OT1/cmr/m/n/10 ] $\OMS/cmsy/m/n/10 ! []
 []


Underfull \hbox (badness 10000) in paragraph at lines 47--48

 []


! LaTeX Error: Unknown float option `-'.

See the LaTeX manual or LaTeX Companion for explanation.
Type  H <return>  for immediate help.
 ...                                              
                                                  
l.55 \begin{table}[-h]
                      
Option `-' ignored and `p' used.


! LaTeX Error: There's no line here to end.

See the LaTeX manual or LaTeX Companion for explanation.
Type  H <return>  for immediate help.
 ...                                              
                                                  
l.68 \newline
             
Your command was ignored.
Type  I <command> <return>  to replace it with another command,
or  <return>  to continue without it.


! LaTeX Error: Unknown float option `-'.

See the LaTeX manual or LaTeX Companion for explanation.
Type  H <return>  for immediate help.
 ...                                              
                                                  
l.74 \begin{table}[-h]
                      
Option `-' ignored and `p' used.



[1]

[2] (./CHI_Cheat_Sheet.aux)
 ***********
LaTeX2e <2024-11-01> patch level 2
L3 programming layer <2025-01-18>
 ***********
 ) 
Here is how much of TeX's memory you used:
 3051 strings out of 473203
 56636 string characters out of 5692202
 472425 words of memory out of 5000000
 26292 multiletter control sequences out of 15000+600000
 565578 words of font info for 59 fonts, out of 8000000 for 9000
 1141 hyphenation exceptions out of 8191
 71i,14n,79p,345b,355s stack positions out of 10000i,1000n,20000p,200000b,200000s
</nix/store/9l2vaiz8cxrz32yx27wirprhfihkbhj6-texlive-2024-env-texmfdist/fonts
/type1/public/amsfonts/cm/cmbx10.pfb></nix/store/9l2vaiz8cxrz32yx27wirprhfihkbh
j6-texlive-2024-env-texmfdist/fonts/type1/public/amsfonts/cm/cmbx12.pfb></nix/s
tore/9l2vaiz8cxrz32yx27wirprhfihkbhj6-texlive-2024-env-texmfdist/fonts/type1/pu
blic/amsfonts/cm/cmmi10.pfb></nix/store/9l2vaiz8cxrz32yx27wirprhfihkbhj6-texliv
e-2024-env-texmfdist/fonts/type1/public/amsfonts/cm/cmr10.pfb></nix/store/9l2va
iz8cxrz32yx27wirprhfihkbhj6-texlive-2024-env-texmfdist/fonts/type1/public/amsfo
nts/cm/cmr12.pfb></nix/store/9l2vaiz8cxrz32yx27wirprhfihkbhj6-texlive-2024-env-
texmfdist/fonts/type1/public/amsfonts/cm/cmr17.pfb></nix/store/9l2vaiz8cxrz32yx
27wirprhfihkbhj6-texlive-2024-env-texmfdist/fonts/type1/public/amsfonts/cm/cmr7
.pfb></nix/store/9l2vaiz8cxrz32yx27wirprhfihkbhj6-texlive-2024-env-texmfdist/fo
nts/type1/public/amsfonts/cm/cmr8.pfb></nix/store/9l2vaiz8cxrz32yx27wirprhfihkb
hj6-texlive-2024-env-texmfdist/fonts/type1/public/amsfonts/cm/cmsy10.pfb></nix/
store/9l2vaiz8cxrz32yx27wirprhfihkbhj6-texlive-2024-env-texmfdist/fonts/type1/p
ublic/amsfonts/cm/cmsy7.pfb></nix/store/9l2vaiz8cxrz32yx27wirprhfihkbhj6-texliv
e-2024-env-texmfdist/fonts/type1/public/amsfonts/cm/cmti10.pfb></nix/store/9l2v
aiz8cxrz32yx27wirprhfihkbhj6-texlive-2024-env-texmfdist/fonts/type1/public/cm-s
uper/sfrm0600.pfb></nix/store/9l2vaiz8cxrz32yx27wirprhfihkbhj6-texlive-2024-env
-texmfdist/fonts/type1/public/cm-super/sfrm0800.pfb></nix/store/9l2vaiz8cxrz32y
x27wirprhfihkbhj6-texlive-2024-env-texmfdist/fonts/type1/public/cm-super/sfrm10
00.pfb>
Output written on CHI_Cheat_Sheet.pdf (3 pages, 142685 bytes).
PDF statistics:
 85 PDF objects out of 1000 (max. 8388607)
 51 compressed objects within 1 object stream
 0 named destinations out of 1000 (max. 500000)
 1 words of extra memory for PDF output out of 10000 (max. 10000000)

